0 info it worked if it ends with ok
1 verbose cli [ '/usr/bin/node', '/usr/bin/npm', 'i', '-g', 'pm2' ]
2 info using npm@3.5.2
3 info using node@v8.10.0
4 silly loadCurrentTree Starting
5 silly install loadCurrentTree
6 silly install readGlobalPackageData
7 silly fetchPackageMetaData pm2
8 silly fetchNamedPackageData pm2
9 silly mapToRegistry name pm2
10 silly mapToRegistry using default registry
11 silly mapToRegistry registry https://registry.npmjs.org/
12 silly mapToRegistry uri https://registry.npmjs.org/pm2
13 verbose request uri https://registry.npmjs.org/pm2
14 verbose request no auth needed
15 info attempt registry request try #1 at 3:59:31 PM
16 verbose request id 30bf6f98c5c2b715
17 verbose etag W/"145ff1455f4245c1ecff3418f4a60bfd"
18 verbose lastModified Thu, 16 Feb 2023 08:21:09 GMT
19 http request GET https://registry.npmjs.org/pm2
20 http 304 https://registry.npmjs.org/pm2
21 verbose headers { date: 'Wed, 01 Mar 2023 15:59:31 GMT',
21 verbose headers   connection: 'keep-alive',
21 verbose headers   'cf-ray': '7a129b8dabbe1d3d-BLR',
21 verbose headers   age: '42',
21 verbose headers   'cache-control': 'public, max-age=300',
21 verbose headers   etag: '"145ff1455f4245c1ecff3418f4a60bfd"',
21 verbose headers   'last-modified': 'Thu, 16 Feb 2023 08:21:09 GMT',
21 verbose headers   vary: 'Accept-Encoding',
21 verbose headers   'cf-cache-status': 'HIT',
21 verbose headers   'x-amz-replication-status': 'COMPLETED',
21 verbose headers   'x-amz-server-side-encryption': 'AES256',
21 verbose headers   server: 'cloudflare' }
22 silly get cb [ 304,
22 silly get   { date: 'Wed, 01 Mar 2023 15:59:31 GMT',
22 silly get     connection: 'keep-alive',
22 silly get     'cf-ray': '7a129b8dabbe1d3d-BLR',
22 silly get     age: '42',
22 silly get     'cache-control': 'public, max-age=300',
22 silly get     etag: '"145ff1455f4245c1ecff3418f4a60bfd"',
22 silly get     'last-modified': 'Thu, 16 Feb 2023 08:21:09 GMT',
22 silly get     vary: 'Accept-Encoding',
22 silly get     'cf-cache-status': 'HIT',
22 silly get     'x-amz-replication-status': 'COMPLETED',
22 silly get     'x-amz-server-side-encryption': 'AES256',
22 silly get     server: 'cloudflare' } ]
23 verbose etag https://registry.npmjs.org/pm2 from cache
24 verbose get saving pm2 to /home/akash/.npm/registry.npmjs.org/pm2/.cache.json
25 silly install normalizeTree
26 silly loadCurrentTree Finishing
27 silly loadIdealTree Starting
28 silly install loadIdealTree
29 silly cloneCurrentTree Starting
30 silly install cloneCurrentTreeToIdealTree
31 silly cloneCurrentTree Finishing
32 silly loadShrinkwrap Starting
33 silly install loadShrinkwrap
34 silly loadShrinkwrap Finishing
35 silly loadAllDepsIntoIdealTree Starting
36 silly install loadAllDepsIntoIdealTree
37 silly resolveWithNewModule pm2@5.2.2 checking installable status
38 silly cache add args [ 'pm2', null ]
39 verbose cache add spec pm2
40 silly cache add parsed spec Result {
40 silly cache add   raw: 'pm2',
40 silly cache add   scope: null,
40 silly cache add   name: 'pm2',
40 silly cache add   rawSpec: '',
40 silly cache add   spec: 'latest',
40 silly cache add   type: 'tag' }
41 silly addNamed pm2@latest
42 verbose addNamed "latest" is being treated as a dist-tag for pm2
43 info addNameTag [ 'pm2', 'latest' ]
44 silly mapToRegistry name pm2
45 silly mapToRegistry using default registry
46 silly mapToRegistry registry https://registry.npmjs.org/
47 silly mapToRegistry uri https://registry.npmjs.org/pm2
48 verbose addNameTag registry:https://registry.npmjs.org/pm2 not in flight; fetching
49 verbose get https://registry.npmjs.org/pm2 not expired, no request
50 silly addNameTag next cb for pm2 with tag latest
51 silly addNamed pm2@5.2.2
52 verbose addNamed "5.2.2" is a plain semver version for pm2
53 silly cache afterAdd pm2@5.2.2
54 verbose afterAdd /home/akash/.npm/pm2/5.2.2/package/package.json not in flight; writing
55 verbose afterAdd /home/akash/.npm/pm2/5.2.2/package/package.json written
56 silly fetchNamedPackageData @pm2/agent
57 silly mapToRegistry name @pm2/agent
58 silly mapToRegistry scope (from package name) @pm2
59 verbose mapToRegistry no registry URL found in name for scope @pm2
60 silly mapToRegistry using default registry
61 silly mapToRegistry registry https://registry.npmjs.org/
62 silly mapToRegistry uri https://registry.npmjs.org/@pm2%2fagent
63 silly fetchNamedPackageData @pm2/io
64 silly mapToRegistry name @pm2/io
65 silly mapToRegistry scope (from package name) @pm2
66 verbose mapToRegistry no registry URL found in name for scope @pm2
67 silly mapToRegistry using default registry
68 silly mapToRegistry registry https://registry.npmjs.org/
69 silly mapToRegistry uri https://registry.npmjs.org/@pm2%2fio
70 silly fetchNamedPackageData @pm2/js-api
71 silly mapToRegistry name @pm2/js-api
72 silly mapToRegistry scope (from package name) @pm2
73 verbose mapToRegistry no registry URL found in name for scope @pm2
74 silly mapToRegistry using default registry
75 silly mapToRegistry registry https://registry.npmjs.org/
76 silly mapToRegistry uri https://registry.npmjs.org/@pm2%2fjs-api
77 silly fetchNamedPackageData async
78 silly mapToRegistry name async
79 silly mapToRegistry using default registry
80 silly mapToRegistry registry https://registry.npmjs.org/
81 silly mapToRegistry uri https://registry.npmjs.org/async
82 silly fetchNamedPackageData blessed
83 silly mapToRegistry name blessed
84 silly mapToRegistry using default registry
85 silly mapToRegistry registry https://registry.npmjs.org/
86 silly mapToRegistry uri https://registry.npmjs.org/blessed
87 silly fetchNamedPackageData chalk
88 silly mapToRegistry name chalk
89 silly mapToRegistry using default registry
90 silly mapToRegistry registry https://registry.npmjs.org/
91 silly mapToRegistry uri https://registry.npmjs.org/chalk
92 silly fetchNamedPackageData chokidar
93 silly mapToRegistry name chokidar
94 silly mapToRegistry using default registry
95 silly mapToRegistry registry https://registry.npmjs.org/
96 silly mapToRegistry uri https://registry.npmjs.org/chokidar
97 silly fetchNamedPackageData cli-tableau
98 silly mapToRegistry name cli-tableau
99 silly mapToRegistry using default registry
100 silly mapToRegistry registry https://registry.npmjs.org/
101 silly mapToRegistry uri https://registry.npmjs.org/cli-tableau
102 silly fetchNamedPackageData commander
103 silly mapToRegistry name commander
104 silly mapToRegistry using default registry
105 silly mapToRegistry registry https://registry.npmjs.org/
106 silly mapToRegistry uri https://registry.npmjs.org/commander
107 silly fetchNamedPackageData croner
108 silly mapToRegistry name croner
109 silly mapToRegistry using default registry
110 silly mapToRegistry registry https://registry.npmjs.org/
111 silly mapToRegistry uri https://registry.npmjs.org/croner
112 silly fetchNamedPackageData dayjs
113 silly mapToRegistry name dayjs
114 silly mapToRegistry using default registry
115 silly mapToRegistry registry https://registry.npmjs.org/
116 silly mapToRegistry uri https://registry.npmjs.org/dayjs
117 silly fetchNamedPackageData debug
118 silly mapToRegistry name debug
119 silly mapToRegistry using default registry
120 silly mapToRegistry registry https://registry.npmjs.org/
121 silly mapToRegistry uri https://registry.npmjs.org/debug
122 silly fetchNamedPackageData enquirer
123 silly mapToRegistry name enquirer
124 silly mapToRegistry using default registry
125 silly mapToRegistry registry https://registry.npmjs.org/
126 silly mapToRegistry uri https://registry.npmjs.org/enquirer
127 silly fetchNamedPackageData eventemitter2
128 silly mapToRegistry name eventemitter2
129 silly mapToRegistry using default registry
130 silly mapToRegistry registry https://registry.npmjs.org/
131 silly mapToRegistry uri https://registry.npmjs.org/eventemitter2
132 silly fetchNamedPackageData fclone
133 silly mapToRegistry name fclone
134 silly mapToRegistry using default registry
135 silly mapToRegistry registry https://registry.npmjs.org/
136 silly mapToRegistry uri https://registry.npmjs.org/fclone
137 silly fetchNamedPackageData mkdirp
138 silly mapToRegistry name mkdirp
139 silly mapToRegistry using default registry
140 silly mapToRegistry registry https://registry.npmjs.org/
141 silly mapToRegistry uri https://registry.npmjs.org/mkdirp
142 silly fetchNamedPackageData needle
143 silly mapToRegistry name needle
144 silly mapToRegistry using default registry
145 silly mapToRegistry registry https://registry.npmjs.org/
146 silly mapToRegistry uri https://registry.npmjs.org/needle
147 silly fetchNamedPackageData pidusage
148 silly mapToRegistry name pidusage
149 silly mapToRegistry using default registry
150 silly mapToRegistry registry https://registry.npmjs.org/
151 silly mapToRegistry uri https://registry.npmjs.org/pidusage
152 silly fetchNamedPackageData pm2-axon
153 silly mapToRegistry name pm2-axon
154 silly mapToRegistry using default registry
155 silly mapToRegistry registry https://registry.npmjs.org/
156 silly mapToRegistry uri https://registry.npmjs.org/pm2-axon
157 silly fetchNamedPackageData pm2-axon-rpc
158 silly mapToRegistry name pm2-axon-rpc
159 silly mapToRegistry using default registry
160 silly mapToRegistry registry https://registry.npmjs.org/
161 silly mapToRegistry uri https://registry.npmjs.org/pm2-axon-rpc
162 silly fetchNamedPackageData pm2-deploy
163 silly mapToRegistry name pm2-deploy
164 silly mapToRegistry using default registry
165 silly mapToRegistry registry https://registry.npmjs.org/
166 silly mapToRegistry uri https://registry.npmjs.org/pm2-deploy
167 silly fetchNamedPackageData pm2-multimeter
168 silly mapToRegistry name pm2-multimeter
169 silly mapToRegistry using default registry
170 silly mapToRegistry registry https://registry.npmjs.org/
171 silly mapToRegistry uri https://registry.npmjs.org/pm2-multimeter
172 silly fetchNamedPackageData promptly
173 silly mapToRegistry name promptly
174 silly mapToRegistry using default registry
175 silly mapToRegistry registry https://registry.npmjs.org/
176 silly mapToRegistry uri https://registry.npmjs.org/promptly
177 silly fetchNamedPackageData semver
178 silly mapToRegistry name semver
179 silly mapToRegistry using default registry
180 silly mapToRegistry registry https://registry.npmjs.org/
181 silly mapToRegistry uri https://registry.npmjs.org/semver
182 silly fetchNamedPackageData source-map-support
183 silly mapToRegistry name source-map-support
184 silly mapToRegistry using default registry
185 silly mapToRegistry registry https://registry.npmjs.org/
186 silly mapToRegistry uri https://registry.npmjs.org/source-map-support
187 silly fetchNamedPackageData sprintf-js
188 silly mapToRegistry name sprintf-js
189 silly mapToRegistry using default registry
190 silly mapToRegistry registry https://registry.npmjs.org/
191 silly mapToRegistry uri https://registry.npmjs.org/sprintf-js
192 silly fetchNamedPackageData vizion
193 silly mapToRegistry name vizion
194 silly mapToRegistry using default registry
195 silly mapToRegistry registry https://registry.npmjs.org/
196 silly mapToRegistry uri https://registry.npmjs.org/vizion
197 silly fetchNamedPackageData yamljs
198 silly mapToRegistry name yamljs
199 silly mapToRegistry using default registry
200 silly mapToRegistry registry https://registry.npmjs.org/
201 silly mapToRegistry uri https://registry.npmjs.org/yamljs
202 silly fetchNamedPackageData pm2-sysmonit
203 silly mapToRegistry name pm2-sysmonit
204 silly mapToRegistry using default registry
205 silly mapToRegistry registry https://registry.npmjs.org/
206 silly mapToRegistry uri https://registry.npmjs.org/pm2-sysmonit
207 silly fetchNamedPackageData @pm2/pm2-version-check
208 silly mapToRegistry name @pm2/pm2-version-check
209 silly mapToRegistry scope (from package name) @pm2
210 verbose mapToRegistry no registry URL found in name for scope @pm2
211 silly mapToRegistry using default registry
212 silly mapToRegistry registry https://registry.npmjs.org/
213 silly mapToRegistry uri https://registry.npmjs.org/@pm2%2fpm2-version-check
214 verbose request uri https://registry.npmjs.org/chalk
215 verbose request no auth needed
216 info attempt registry request try #1 at 3:59:31 PM
217 verbose etag W/"f8c9c111c6d0897b965be01937aafd27"
218 verbose lastModified Sat, 11 Feb 2023 20:39:34 GMT
219 http request GET https://registry.npmjs.org/chalk
220 verbose request uri https://registry.npmjs.org/@pm2%2fjs-api
221 verbose request no auth needed
222 info attempt registry request try #1 at 3:59:31 PM
223 verbose etag W/"a09c5124977bcd6205774df1a308be98"
224 verbose lastModified Sun, 12 Jun 2022 22:42:11 GMT
225 http request GET https://registry.npmjs.org/@pm2%2fjs-api
226 verbose request uri https://registry.npmjs.org/blessed
227 verbose request no auth needed
228 info attempt registry request try #1 at 3:59:31 PM
229 verbose etag W/"dc3c1794b9341f75b1755c39bfea3125"
230 verbose lastModified Mon, 13 Jun 2022 04:47:09 GMT
231 http request GET https://registry.npmjs.org/blessed
232 verbose request uri https://registry.npmjs.org/cli-tableau
233 verbose request no auth needed
234 info attempt registry request try #1 at 3:59:31 PM
235 verbose etag W/"1351355856f024a62c9b825f02b3ab53"
236 verbose lastModified Tue, 12 Apr 2022 06:41:27 GMT
237 http request GET https://registry.npmjs.org/cli-tableau
238 verbose request uri https://registry.npmjs.org/async
239 verbose request no auth needed
240 info attempt registry request try #1 at 3:59:31 PM
241 verbose etag W/"24f7d4b9edb23424e055465c9419324a"
242 verbose lastModified Sat, 25 Feb 2023 09:37:37 GMT
243 http request GET https://registry.npmjs.org/async
244 verbose request uri https://registry.npmjs.org/@pm2%2fio
245 verbose request no auth needed
246 info attempt registry request try #1 at 3:59:31 PM
247 verbose etag W/"0141ec753c79af0ba33955ad07ccdeee"
248 verbose lastModified Wed, 06 Apr 2022 15:29:38 GMT
249 http request GET https://registry.npmjs.org/@pm2%2fio
250 verbose request uri https://registry.npmjs.org/chokidar
251 verbose request no auth needed
252 info attempt registry request try #1 at 3:59:31 PM
253 verbose etag W/"c6e5f412f591e1260364407140833431"
254 verbose lastModified Tue, 21 Feb 2023 04:23:43 GMT
255 http request GET https://registry.npmjs.org/chokidar
256 verbose request uri https://registry.npmjs.org/commander
257 verbose request no auth needed
258 info attempt registry request try #1 at 3:59:31 PM
259 verbose etag W/"3d73dd2e83a143bbde6dbd9dd7c95a6c"
260 verbose lastModified Sat, 11 Feb 2023 20:39:36 GMT
261 http request GET https://registry.npmjs.org/commander
262 verbose request uri https://registry.npmjs.org/dayjs
263 verbose request no auth needed
264 info attempt registry request try #1 at 3:59:31 PM
265 verbose etag W/"f5900988aeb83fee54c782b70997ac88"
266 verbose lastModified Sun, 29 Jan 2023 02:00:18 GMT
267 http request GET https://registry.npmjs.org/dayjs
268 verbose request uri https://registry.npmjs.org/eventemitter2
269 verbose request no auth needed
270 info attempt registry request try #1 at 3:59:31 PM
271 verbose etag W/"e276dc52ceb8be7a1a1effdd840f977d"
272 verbose lastModified Mon, 12 Sep 2022 17:47:00 GMT
273 http request GET https://registry.npmjs.org/eventemitter2
274 verbose request uri https://registry.npmjs.org/enquirer
275 verbose request no auth needed
276 info attempt registry request try #1 at 3:59:31 PM
277 verbose etag W/"10a2bbcbf8cd2d91319e47da77a260e4"
278 verbose lastModified Sat, 11 Feb 2023 20:47:03 GMT
279 http request GET https://registry.npmjs.org/enquirer
280 verbose request uri https://registry.npmjs.org/fclone
281 verbose request no auth needed
282 info attempt registry request try #1 at 3:59:31 PM
283 verbose etag W/"89d137ce8619537f634e13c64d66d4fc"
284 verbose lastModified Fri, 17 Jun 2022 23:50:42 GMT
285 http request GET https://registry.npmjs.org/fclone
286 verbose request uri https://registry.npmjs.org/debug
287 verbose request no auth needed
288 info attempt registry request try #1 at 3:59:31 PM
289 verbose etag W/"c8cc4944ac0e027894c3ff645fef351e"
290 verbose lastModified Mon, 03 Oct 2022 16:39:34 GMT
291 http request GET https://registry.npmjs.org/debug
292 verbose request uri https://registry.npmjs.org/mkdirp
293 verbose request no auth needed
294 info attempt registry request try #1 at 3:59:31 PM
295 verbose etag W/"ba6cc2c2397160bb56e6829fff7bf889"
296 verbose lastModified Tue, 17 Jan 2023 22:18:32 GMT
297 http request GET https://registry.npmjs.org/mkdirp
298 verbose request uri https://registry.npmjs.org/pm2-axon
299 verbose request no auth needed
300 info attempt registry request try #1 at 3:59:31 PM
301 verbose etag W/"bbdd8c9f59540a9c594e4bcecd92f1e8"
302 verbose lastModified Fri, 24 Jun 2022 04:46:24 GMT
303 http request GET https://registry.npmjs.org/pm2-axon
304 verbose request uri https://registry.npmjs.org/pidusage
305 verbose request no auth needed
306 info attempt registry request try #1 at 3:59:31 PM
307 verbose etag W/"8174796f2230b7dfd6731a7f18290707"
308 verbose lastModified Tue, 25 Oct 2022 14:14:51 GMT
309 http request GET https://registry.npmjs.org/pidusage
310 verbose request uri https://registry.npmjs.org/pm2-axon-rpc
311 verbose request no auth needed
312 info attempt registry request try #1 at 3:59:31 PM
313 verbose etag W/"4585e45f4f4c52344fa2abb9c8ca217d"
314 verbose lastModified Fri, 24 Jun 2022 04:46:36 GMT
315 http request GET https://registry.npmjs.org/pm2-axon-rpc
316 verbose request uri https://registry.npmjs.org/pm2-multimeter
317 verbose request no auth needed
318 info attempt registry request try #1 at 3:59:31 PM
319 verbose etag W/"d1a3710ebb4dee704ed98fb39eb56415"
320 verbose lastModified Fri, 24 Jun 2022 04:52:36 GMT
321 http request GET https://registry.npmjs.org/pm2-multimeter
322 verbose request uri https://registry.npmjs.org/pm2-deploy
323 verbose request no auth needed
324 info attempt registry request try #1 at 3:59:31 PM
325 verbose etag W/"4b685da6b54398c4ba045c2905628726"
326 verbose lastModified Fri, 24 Jun 2022 04:48:00 GMT
327 http request GET https://registry.npmjs.org/pm2-deploy
328 verbose request uri https://registry.npmjs.org/promptly
329 verbose request no auth needed
330 info attempt registry request try #1 at 3:59:31 PM
331 verbose etag W/"b1a66f176b51e27e2f657c19b9690716"
332 verbose lastModified Fri, 24 Jun 2022 19:56:46 GMT
333 http request GET https://registry.npmjs.org/promptly
334 verbose request uri https://registry.npmjs.org/needle
335 verbose request no auth needed
336 info attempt registry request try #1 at 3:59:31 PM
337 verbose etag W/"5188a75959cbb043bcedaa4f46b2db29"
338 verbose lastModified Thu, 17 Nov 2022 02:25:32 GMT
339 http request GET https://registry.npmjs.org/needle
340 verbose request uri https://registry.npmjs.org/sprintf-js
341 verbose request no auth needed
342 info attempt registry request try #1 at 3:59:31 PM
343 verbose etag W/"e1c68af3543696284ea378dd119f8876"
344 verbose lastModified Sun, 26 Jun 2022 23:08:13 GMT
345 http request GET https://registry.npmjs.org/sprintf-js
346 verbose request uri https://registry.npmjs.org/vizion
347 verbose request no auth needed
348 info attempt registry request try #1 at 3:59:31 PM
349 verbose etag W/"0d38e6118baa8d72e15ec186c0c7ee95"
350 verbose lastModified Tue, 28 Jun 2022 17:56:57 GMT
351 http request GET https://registry.npmjs.org/vizion
352 verbose request uri https://registry.npmjs.org/semver
353 verbose request no auth needed
354 info attempt registry request try #1 at 3:59:31 PM
355 verbose etag W/"58c13cdc85a9d3c313351408146b0ea1"
356 verbose lastModified Mon, 20 Feb 2023 07:52:06 GMT
357 http request GET https://registry.npmjs.org/semver
358 verbose request uri https://registry.npmjs.org/source-map-support
359 verbose request no auth needed
360 info attempt registry request try #1 at 3:59:31 PM
361 verbose etag W/"6970a88035be23dffc972e6be944456a"
362 verbose lastModified Sun, 26 Jun 2022 22:22:58 GMT
363 http request GET https://registry.npmjs.org/source-map-support
364 verbose request uri https://registry.npmjs.org/pm2-sysmonit
365 verbose request no auth needed
366 info attempt registry request try #1 at 3:59:31 PM
367 verbose etag W/"a40251b50cf25bf8fe753a9299008311"
368 verbose lastModified Fri, 13 May 2022 03:04:53 GMT
369 http request GET https://registry.npmjs.org/pm2-sysmonit
370 verbose request uri https://registry.npmjs.org/yamljs
371 verbose request no auth needed
372 info attempt registry request try #1 at 3:59:31 PM
373 verbose etag W/"a83258708a535655e2ece79635b2d293"
374 verbose lastModified Wed, 29 Jun 2022 06:50:15 GMT
375 http request GET https://registry.npmjs.org/yamljs
376 verbose request uri https://registry.npmjs.org/@pm2%2fagent
377 verbose request no auth needed
378 info attempt registry request try #1 at 3:59:31 PM
379 verbose etag W/"8876dbb5716170e760d1d43d841710d8"
380 verbose lastModified Sun, 12 Jun 2022 22:42:10 GMT
381 http request GET https://registry.npmjs.org/@pm2%2fagent
382 verbose request uri https://registry.npmjs.org/croner
383 verbose request no auth needed
384 info attempt registry request try #1 at 3:59:31 PM
385 verbose etag W/"2bc916364a1e96cd6163fa8f191fc1ca"
386 verbose lastModified Tue, 28 Feb 2023 20:03:15 GMT
387 http request GET https://registry.npmjs.org/croner
388 verbose request uri https://registry.npmjs.org/@pm2%2fpm2-version-check
389 verbose request no auth needed
390 info attempt registry request try #1 at 3:59:31 PM
391 verbose etag W/"78d74182389b6c5a44f4aa14bb8c9e7d"
392 verbose lastModified Wed, 06 Apr 2022 15:29:40 GMT
393 http request GET https://registry.npmjs.org/@pm2%2fpm2-version-check
394 http 304 https://registry.npmjs.org/chalk
395 verbose headers { date: 'Wed, 01 Mar 2023 15:59:31 GMT',
395 verbose headers   connection: 'keep-alive',
395 verbose headers   'cf-ray': '7a129b8f8f3c1d3d-BLR',
395 verbose headers   age: '40',
395 verbose headers   'cache-control': 'public, max-age=300',
395 verbose headers   etag: '"f8c9c111c6d0897b965be01937aafd27"',
395 verbose headers   'last-modified': 'Sat, 11 Feb 2023 20:39:34 GMT',
395 verbose headers   vary: 'Accept-Encoding',
395 verbose headers   'cf-cache-status': 'HIT',
395 verbose headers   'x-amz-replication-status': 'COMPLETED',
395 verbose headers   'x-amz-server-side-encryption': 'AES256',
395 verbose headers   server: 'cloudflare' }
396 silly get cb [ 304,
396 silly get   { date: 'Wed, 01 Mar 2023 15:59:31 GMT',
396 silly get     connection: 'keep-alive',
396 silly get     'cf-ray': '7a129b8f8f3c1d3d-BLR',
396 silly get     age: '40',
396 silly get     'cache-control': 'public, max-age=300',
396 silly get     etag: '"f8c9c111c6d0897b965be01937aafd27"',
396 silly get     'last-modified': 'Sat, 11 Feb 2023 20:39:34 GMT',
396 silly get     vary: 'Accept-Encoding',
396 silly get     'cf-cache-status': 'HIT',
396 silly get     'x-amz-replication-status': 'COMPLETED',
396 silly get     'x-amz-server-side-encryption': 'AES256',
396 silly get     server: 'cloudflare' } ]
397 verbose etag https://registry.npmjs.org/chalk from cache
398 verbose get saving chalk to /home/akash/.npm/registry.npmjs.org/chalk/.cache.json
399 silly resolveWithNewModule chalk@3.0.0 checking installable status
400 silly cache add args [ 'chalk@3.0.0', null ]
401 verbose cache add spec chalk@3.0.0
402 silly cache add parsed spec Result {
402 silly cache add   raw: 'chalk@3.0.0',
402 silly cache add   scope: null,
402 silly cache add   name: 'chalk',
402 silly cache add   rawSpec: '3.0.0',
402 silly cache add   spec: '3.0.0',
402 silly cache add   type: 'version' }
403 silly addNamed chalk@3.0.0
404 verbose addNamed "3.0.0" is a plain semver version for chalk
405 silly mapToRegistry name chalk
406 silly mapToRegistry using default registry
407 silly mapToRegistry registry https://registry.npmjs.org/
408 silly mapToRegistry uri https://registry.npmjs.org/chalk
409 verbose addNameVersion registry:https://registry.npmjs.org/chalk not in flight; fetching
410 verbose get https://registry.npmjs.org/chalk not expired, no request
411 silly cache afterAdd chalk@3.0.0
412 verbose afterAdd /home/akash/.npm/chalk/3.0.0/package/package.json not in flight; writing
413 verbose afterAdd /home/akash/.npm/chalk/3.0.0/package/package.json written
414 http 304 https://registry.npmjs.org/async
415 verbose headers { date: 'Wed, 01 Mar 2023 15:59:31 GMT',
415 verbose headers   connection: 'keep-alive',
415 verbose headers   'cf-ray': '7a129b8ffc7f1d2d-BLR',
415 verbose headers   age: '86',
415 verbose headers   'cache-control': 'public, max-age=300',
415 verbose headers   etag: '"24f7d4b9edb23424e055465c9419324a"',
415 verbose headers   'last-modified': 'Sat, 25 Feb 2023 09:37:37 GMT',
415 verbose headers   vary: 'Accept-Encoding',
415 verbose headers   'cf-cache-status': 'HIT',
415 verbose headers   'x-amz-replication-status': 'COMPLETED',
415 verbose headers   'x-amz-server-side-encryption': 'AES256',
415 verbose headers   server: 'cloudflare' }
416 silly get cb [ 304,
416 silly get   { date: 'Wed, 01 Mar 2023 15:59:31 GMT',
416 silly get     connection: 'keep-alive',
416 silly get     'cf-ray': '7a129b8ffc7f1d2d-BLR',
416 silly get     age: '86',
416 silly get     'cache-control': 'public, max-age=300',
416 silly get     etag: '"24f7d4b9edb23424e055465c9419324a"',
416 silly get     'last-modified': 'Sat, 25 Feb 2023 09:37:37 GMT',
416 silly get     vary: 'Accept-Encoding',
416 silly get     'cf-cache-status': 'HIT',
416 silly get     'x-amz-replication-status': 'COMPLETED',
416 silly get     'x-amz-server-side-encryption': 'AES256',
416 silly get     server: 'cloudflare' } ]
417 verbose etag https://registry.npmjs.org/async from cache
418 verbose get saving async to /home/akash/.npm/registry.npmjs.org/async/.cache.json
419 http 304 https://registry.npmjs.org/debug
420 verbose headers { date: 'Wed, 01 Mar 2023 15:59:31 GMT',
420 verbose headers   connection: 'keep-alive',
420 verbose headers   'cf-ray': '7a129b8ffacb1d29-BLR',
420 verbose headers   age: '41',
420 verbose headers   'cache-control': 'public, max-age=300',
420 verbose headers   etag: '"c8cc4944ac0e027894c3ff645fef351e"',
420 verbose headers   'last-modified': 'Mon, 03 Oct 2022 16:39:34 GMT',
420 verbose headers   vary: 'Accept-Encoding',
420 verbose headers   'cf-cache-status': 'HIT',
420 verbose headers   'x-amz-replication-status': 'COMPLETED',
420 verbose headers   server: 'cloudflare' }
421 silly get cb [ 304,
421 silly get   { date: 'Wed, 01 Mar 2023 15:59:31 GMT',
421 silly get     connection: 'keep-alive',
421 silly get     'cf-ray': '7a129b8ffacb1d29-BLR',
421 silly get     age: '41',
421 silly get     'cache-control': 'public, max-age=300',
421 silly get     etag: '"c8cc4944ac0e027894c3ff645fef351e"',
421 silly get     'last-modified': 'Mon, 03 Oct 2022 16:39:34 GMT',
421 silly get     vary: 'Accept-Encoding',
421 silly get     'cf-cache-status': 'HIT',
421 silly get     'x-amz-replication-status': 'COMPLETED',
421 silly get     server: 'cloudflare' } ]
422 verbose etag https://registry.npmjs.org/debug from cache
423 verbose get saving debug to /home/akash/.npm/registry.npmjs.org/debug/.cache.json
424 http 304 https://registry.npmjs.org/sprintf-js
425 verbose headers { date: 'Wed, 01 Mar 2023 15:59:31 GMT',
425 verbose headers   connection: 'keep-alive',
425 verbose headers   'cf-ray': '7a129b8ffd551d91-BLR',
425 verbose headers   age: '40',
425 verbose headers   'cache-control': 'public, max-age=300',
425 verbose headers   etag: '"e1c68af3543696284ea378dd119f8876"',
425 verbose headers   'last-modified': 'Sun, 26 Jun 2022 23:08:13 GMT',
425 verbose headers   vary: 'Accept-Encoding',
425 verbose headers   'cf-cache-status': 'HIT',
425 verbose headers   'x-amz-replication-status': 'COMPLETED',
425 verbose headers   server: 'cloudflare' }
426 silly get cb [ 304,
426 silly get   { date: 'Wed, 01 Mar 2023 15:59:31 GMT',
426 silly get     connection: 'keep-alive',
426 silly get     'cf-ray': '7a129b8ffd551d91-BLR',
426 silly get     age: '40',
426 silly get     'cache-control': 'public, max-age=300',
426 silly get     etag: '"e1c68af3543696284ea378dd119f8876"',
426 silly get     'last-modified': 'Sun, 26 Jun 2022 23:08:13 GMT',
426 silly get     vary: 'Accept-Encoding',
426 silly get     'cf-cache-status': 'HIT',
426 silly get     'x-amz-replication-status': 'COMPLETED',
426 silly get     server: 'cloudflare' } ]
427 verbose etag https://registry.npmjs.org/sprintf-js from cache
428 verbose get saving sprintf-js to /home/akash/.npm/registry.npmjs.org/sprintf-js/.cache.json
429 http 304 https://registry.npmjs.org/enquirer
430 verbose headers { date: 'Wed, 01 Mar 2023 15:59:31 GMT',
430 verbose headers   connection: 'keep-alive',
430 verbose headers   'cf-ray': '7a129b8ffc6b32af-BLR',
430 verbose headers   age: '137',
430 verbose headers   'cache-control': 'public, max-age=300',
430 verbose headers   etag: '"10a2bbcbf8cd2d91319e47da77a260e4"',
430 verbose headers   'last-modified': 'Sat, 11 Feb 2023 20:47:03 GMT',
430 verbose headers   vary: 'Accept-Encoding',
430 verbose headers   'cf-cache-status': 'HIT',
430 verbose headers   'x-amz-replication-status': 'COMPLETED',
430 verbose headers   'x-amz-server-side-encryption': 'AES256',
430 verbose headers   server: 'cloudflare' }
431 silly get cb [ 304,
431 silly get   { date: 'Wed, 01 Mar 2023 15:59:31 GMT',
431 silly get     connection: 'keep-alive',
431 silly get     'cf-ray': '7a129b8ffc6b32af-BLR',
431 silly get     age: '137',
431 silly get     'cache-control': 'public, max-age=300',
431 silly get     etag: '"10a2bbcbf8cd2d91319e47da77a260e4"',
431 silly get     'last-modified': 'Sat, 11 Feb 2023 20:47:03 GMT',
431 silly get     vary: 'Accept-Encoding',
431 silly get     'cf-cache-status': 'HIT',
431 silly get     'x-amz-replication-status': 'COMPLETED',
431 silly get     'x-amz-server-side-encryption': 'AES256',
431 silly get     server: 'cloudflare' } ]
432 verbose etag https://registry.npmjs.org/enquirer from cache
433 verbose get saving enquirer to /home/akash/.npm/registry.npmjs.org/enquirer/.cache.json
434 http 304 https://registry.npmjs.org/eventemitter2
435 verbose headers { date: 'Wed, 01 Mar 2023 15:59:31 GMT',
435 verbose headers   connection: 'keep-alive',
435 verbose headers   'cf-ray': '7a129b8ffe821da1-BLR',
435 verbose headers   age: '41',
435 verbose headers   'cache-control': 'public, max-age=300',
435 verbose headers   etag: '"e276dc52ceb8be7a1a1effdd840f977d"',
435 verbose headers   'last-modified': 'Mon, 12 Sep 2022 17:47:00 GMT',
435 verbose headers   vary: 'Accept-Encoding',
435 verbose headers   'cf-cache-status': 'HIT',
435 verbose headers   'x-amz-replication-status': 'COMPLETED',
435 verbose headers   server: 'cloudflare' }
436 silly get cb [ 304,
436 silly get   { date: 'Wed, 01 Mar 2023 15:59:31 GMT',
436 silly get     connection: 'keep-alive',
436 silly get     'cf-ray': '7a129b8ffe821da1-BLR',
436 silly get     age: '41',
436 silly get     'cache-control': 'public, max-age=300',
436 silly get     etag: '"e276dc52ceb8be7a1a1effdd840f977d"',
436 silly get     'last-modified': 'Mon, 12 Sep 2022 17:47:00 GMT',
436 silly get     vary: 'Accept-Encoding',
436 silly get     'cf-cache-status': 'HIT',
436 silly get     'x-amz-replication-status': 'COMPLETED',
436 silly get     server: 'cloudflare' } ]
437 verbose etag https://registry.npmjs.org/eventemitter2 from cache
438 verbose get saving eventemitter2 to /home/akash/.npm/registry.npmjs.org/eventemitter2/.cache.json
439 http 304 https://registry.npmjs.org/semver
440 verbose headers { date: 'Wed, 01 Mar 2023 15:59:31 GMT',
440 verbose headers   connection: 'keep-alive',
440 verbose headers   'cf-ray': '7a129b8ff8271d18-BLR',
440 verbose headers   age: '40',
440 verbose headers   'cache-control': 'public, max-age=300',
440 verbose headers   etag: '"58c13cdc85a9d3c313351408146b0ea1"',
440 verbose headers   'last-modified': 'Mon, 20 Feb 2023 07:52:06 GMT',
440 verbose headers   vary: 'Accept-Encoding',
440 verbose headers   'cf-cache-status': 'HIT',
440 verbose headers   'x-amz-replication-status': 'COMPLETED',
440 verbose headers   'x-amz-server-side-encryption': 'AES256',
440 verbose headers   server: 'cloudflare' }
441 silly get cb [ 304,
441 silly get   { date: 'Wed, 01 Mar 2023 15:59:31 GMT',
441 silly get     connection: 'keep-alive',
441 silly get     'cf-ray': '7a129b8ff8271d18-BLR',
441 silly get     age: '40',
441 silly get     'cache-control': 'public, max-age=300',
441 silly get     etag: '"58c13cdc85a9d3c313351408146b0ea1"',
441 silly get     'last-modified': 'Mon, 20 Feb 2023 07:52:06 GMT',
441 silly get     vary: 'Accept-Encoding',
441 silly get     'cf-cache-status': 'HIT',
441 silly get     'x-amz-replication-status': 'COMPLETED',
441 silly get     'x-amz-server-side-encryption': 'AES256',
441 silly get     server: 'cloudflare' } ]
442 verbose etag https://registry.npmjs.org/semver from cache
443 verbose get saving semver to /home/akash/.npm/registry.npmjs.org/semver/.cache.json
444 http 304 https://registry.npmjs.org/needle
445 verbose headers { date: 'Wed, 01 Mar 2023 15:59:31 GMT',
445 verbose headers   connection: 'keep-alive',
445 verbose headers   'cf-ray': '7a129b8ffacf1d29-BLR',
445 verbose headers   age: '41',
445 verbose headers   'cache-control': 'public, max-age=300',
445 verbose headers   etag: '"5188a75959cbb043bcedaa4f46b2db29"',
445 verbose headers   'last-modified': 'Thu, 17 Nov 2022 02:25:32 GMT',
445 verbose headers   vary: 'Accept-Encoding',
445 verbose headers   'cf-cache-status': 'HIT',
445 verbose headers   'x-amz-replication-status': 'PENDING',
445 verbose headers   server: 'cloudflare' }
446 silly get cb [ 304,
446 silly get   { date: 'Wed, 01 Mar 2023 15:59:31 GMT',
446 silly get     connection: 'keep-alive',
446 silly get     'cf-ray': '7a129b8ffacf1d29-BLR',
446 silly get     age: '41',
446 silly get     'cache-control': 'public, max-age=300',
446 silly get     etag: '"5188a75959cbb043bcedaa4f46b2db29"',
446 silly get     'last-modified': 'Thu, 17 Nov 2022 02:25:32 GMT',
446 silly get     vary: 'Accept-Encoding',
446 silly get     'cf-cache-status': 'HIT',
446 silly get     'x-amz-replication-status': 'PENDING',
446 silly get     server: 'cloudflare' } ]
447 verbose etag https://registry.npmjs.org/needle from cache
448 verbose get saving needle to /home/akash/.npm/registry.npmjs.org/needle/.cache.json
449 http 304 https://registry.npmjs.org/pm2-axon-rpc
450 verbose headers { date: 'Wed, 01 Mar 2023 15:59:31 GMT',
450 verbose headers   connection: 'keep-alive',
450 verbose headers   'cf-ray': '7a129b8ffaab1d39-BLR',
450 verbose headers   age: '40',
450 verbose headers   'cache-control': 'public, max-age=300',
450 verbose headers   etag: '"4585e45f4f4c52344fa2abb9c8ca217d"',
450 verbose headers   'last-modified': 'Fri, 24 Jun 2022 04:46:36 GMT',
450 verbose headers   vary: 'Accept-Encoding',
450 verbose headers   'cf-cache-status': 'HIT',
450 verbose headers   'x-amz-replication-status': 'COMPLETED',
450 verbose headers   server: 'cloudflare' }
451 silly get cb [ 304,
451 silly get   { date: 'Wed, 01 Mar 2023 15:59:31 GMT',
451 silly get     connection: 'keep-alive',
451 silly get     'cf-ray': '7a129b8ffaab1d39-BLR',
451 silly get     age: '40',
451 silly get     'cache-control': 'public, max-age=300',
451 silly get     etag: '"4585e45f4f4c52344fa2abb9c8ca217d"',
451 silly get     'last-modified': 'Fri, 24 Jun 2022 04:46:36 GMT',
451 silly get     vary: 'Accept-Encoding',
451 silly get     'cf-cache-status': 'HIT',
451 silly get     'x-amz-replication-status': 'COMPLETED',
451 silly get     server: 'cloudflare' } ]
452 verbose etag https://registry.npmjs.org/pm2-axon-rpc from cache
453 verbose get saving pm2-axon-rpc to /home/akash/.npm/registry.npmjs.org/pm2-axon-rpc/.cache.json
454 http 304 https://registry.npmjs.org/vizion
455 verbose headers { date: 'Wed, 01 Mar 2023 15:59:31 GMT',
455 verbose headers   connection: 'keep-alive',
455 verbose headers   'cf-ray': '7a129b8ffa321d99-BLR',
455 verbose headers   age: '40',
455 verbose headers   'cache-control': 'public, max-age=300',
455 verbose headers   etag: '"0d38e6118baa8d72e15ec186c0c7ee95"',
455 verbose headers   'last-modified': 'Tue, 28 Jun 2022 17:56:57 GMT',
455 verbose headers   vary: 'Accept-Encoding',
455 verbose headers   'cf-cache-status': 'HIT',
455 verbose headers   'x-amz-replication-status': 'COMPLETED',
455 verbose headers   server: 'cloudflare' }
456 silly get cb [ 304,
456 silly get   { date: 'Wed, 01 Mar 2023 15:59:31 GMT',
456 silly get     connection: 'keep-alive',
456 silly get     'cf-ray': '7a129b8ffa321d99-BLR',
456 silly get     age: '40',
456 silly get     'cache-control': 'public, max-age=300',
456 silly get     etag: '"0d38e6118baa8d72e15ec186c0c7ee95"',
456 silly get     'last-modified': 'Tue, 28 Jun 2022 17:56:57 GMT',
456 silly get     vary: 'Accept-Encoding',
456 silly get     'cf-cache-status': 'HIT',
456 silly get     'x-amz-replication-status': 'COMPLETED',
456 silly get     server: 'cloudflare' } ]
457 verbose etag https://registry.npmjs.org/vizion from cache
458 verbose get saving vizion to /home/akash/.npm/registry.npmjs.org/vizion/.cache.json
459 http 304 https://registry.npmjs.org/commander
460 verbose headers { date: 'Wed, 01 Mar 2023 15:59:31 GMT',
460 verbose headers   connection: 'keep-alive',
460 verbose headers   'cf-ray': '7a129b8ffe851da1-BLR',
460 verbose headers   age: '135',
460 verbose headers   'cache-control': 'public, max-age=300',
460 verbose headers   etag: '"3d73dd2e83a143bbde6dbd9dd7c95a6c"',
460 verbose headers   'last-modified': 'Sat, 11 Feb 2023 20:39:36 GMT',
460 verbose headers   vary: 'Accept-Encoding',
460 verbose headers   'cf-cache-status': 'HIT',
460 verbose headers   'x-amz-replication-status': 'PENDING',
460 verbose headers   'x-amz-server-side-encryption': 'AES256',
460 verbose headers   server: 'cloudflare' }
461 silly get cb [ 304,
461 silly get   { date: 'Wed, 01 Mar 2023 15:59:31 GMT',
461 silly get     connection: 'keep-alive',
461 silly get     'cf-ray': '7a129b8ffe851da1-BLR',
461 silly get     age: '135',
461 silly get     'cache-control': 'public, max-age=300',
461 silly get     etag: '"3d73dd2e83a143bbde6dbd9dd7c95a6c"',
461 silly get     'last-modified': 'Sat, 11 Feb 2023 20:39:36 GMT',
461 silly get     vary: 'Accept-Encoding',
461 silly get     'cf-cache-status': 'HIT',
461 silly get     'x-amz-replication-status': 'PENDING',
461 silly get     'x-amz-server-side-encryption': 'AES256',
461 silly get     server: 'cloudflare' } ]
462 verbose etag https://registry.npmjs.org/commander from cache
463 verbose get saving commander to /home/akash/.npm/registry.npmjs.org/commander/.cache.json
464 silly resolveWithNewModule async@3.2.4 checking installable status
465 silly cache add args [ 'async@~3.2.0', null ]
466 verbose cache add spec async@~3.2.0
467 silly cache add parsed spec Result {
467 silly cache add   raw: 'async@~3.2.0',
467 silly cache add   scope: null,
467 silly cache add   name: 'async',
467 silly cache add   rawSpec: '~3.2.0',
467 silly cache add   spec: '>=3.2.0 <3.3.0',
467 silly cache add   type: 'range' }
468 silly addNamed async@>=3.2.0 <3.3.0
469 verbose addNamed ">=3.2.0 <3.3.0" is a valid semver range for async
470 silly addNameRange { name: 'async', range: '>=3.2.0 <3.3.0', hasData: false }
471 silly mapToRegistry name async
472 silly mapToRegistry using default registry
473 silly mapToRegistry registry https://registry.npmjs.org/
474 silly mapToRegistry uri https://registry.npmjs.org/async
475 verbose addNameRange registry:https://registry.npmjs.org/async not in flight; fetching
476 http 304 https://registry.npmjs.org/pm2-deploy
477 verbose headers { date: 'Wed, 01 Mar 2023 15:59:31 GMT',
477 verbose headers   connection: 'keep-alive',
477 verbose headers   'cf-ray': '7a129b8ffaaf1d39-BLR',
477 verbose headers   age: '40',
477 verbose headers   'cache-control': 'public, max-age=300',
477 verbose headers   etag: '"4b685da6b54398c4ba045c2905628726"',
477 verbose headers   'last-modified': 'Fri, 24 Jun 2022 04:48:00 GMT',
477 verbose headers   vary: 'Accept-Encoding',
477 verbose headers   'cf-cache-status': 'HIT',
477 verbose headers   'x-amz-replication-status': 'COMPLETED',
477 verbose headers   server: 'cloudflare' }
478 silly get cb [ 304,
478 silly get   { date: 'Wed, 01 Mar 2023 15:59:31 GMT',
478 silly get     connection: 'keep-alive',
478 silly get     'cf-ray': '7a129b8ffaaf1d39-BLR',
478 silly get     age: '40',
478 silly get     'cache-control': 'public, max-age=300',
478 silly get     etag: '"4b685da6b54398c4ba045c2905628726"',
478 silly get     'last-modified': 'Fri, 24 Jun 2022 04:48:00 GMT',
478 silly get     vary: 'Accept-Encoding',
478 silly get     'cf-cache-status': 'HIT',
478 silly get     'x-amz-replication-status': 'COMPLETED',
478 silly get     server: 'cloudflare' } ]
479 verbose etag https://registry.npmjs.org/pm2-deploy from cache
480 verbose get saving pm2-deploy to /home/akash/.npm/registry.npmjs.org/pm2-deploy/.cache.json
481 http 304 https://registry.npmjs.org/fclone
482 verbose headers { date: 'Wed, 01 Mar 2023 15:59:31 GMT',
482 verbose headers   connection: 'keep-alive',
482 verbose headers   'cf-ray': '7a129b8ffcf326b9-BLR',
482 verbose headers   age: '40',
482 verbose headers   'cache-control': 'public, max-age=300',
482 verbose headers   etag: '"89d137ce8619537f634e13c64d66d4fc"',
482 verbose headers   'last-modified': 'Fri, 17 Jun 2022 23:50:42 GMT',
482 verbose headers   vary: 'Accept-Encoding',
482 verbose headers   'cf-cache-status': 'HIT',
482 verbose headers   'x-amz-replication-status': 'COMPLETED',
482 verbose headers   server: 'cloudflare' }
483 silly get cb [ 304,
483 silly get   { date: 'Wed, 01 Mar 2023 15:59:31 GMT',
483 silly get     connection: 'keep-alive',
483 silly get     'cf-ray': '7a129b8ffcf326b9-BLR',
483 silly get     age: '40',
483 silly get     'cache-control': 'public, max-age=300',
483 silly get     etag: '"89d137ce8619537f634e13c64d66d4fc"',
483 silly get     'last-modified': 'Fri, 17 Jun 2022 23:50:42 GMT',
483 silly get     vary: 'Accept-Encoding',
483 silly get     'cf-cache-status': 'HIT',
483 silly get     'x-amz-replication-status': 'COMPLETED',
483 silly get     server: 'cloudflare' } ]
484 verbose etag https://registry.npmjs.org/fclone from cache
485 verbose get saving fclone to /home/akash/.npm/registry.npmjs.org/fclone/.cache.json
486 http 304 https://registry.npmjs.org/croner
487 verbose headers { date: 'Wed, 01 Mar 2023 15:59:31 GMT',
487 verbose headers   connection: 'keep-alive',
487 verbose headers   'cf-ray': '7a129b8fe8101d3d-BLR',
487 verbose headers   age: '40',
487 verbose headers   'cache-control': 'public, max-age=300',
487 verbose headers   etag: '"2bc916364a1e96cd6163fa8f191fc1ca"',
487 verbose headers   'last-modified': 'Tue, 28 Feb 2023 20:03:15 GMT',
487 verbose headers   vary: 'Accept-Encoding',
487 verbose headers   'cf-cache-status': 'HIT',
487 verbose headers   'x-amz-replication-status': 'COMPLETED',
487 verbose headers   'x-amz-server-side-encryption': 'AES256',
487 verbose headers   server: 'cloudflare' }
488 silly get cb [ 304,
488 silly get   { date: 'Wed, 01 Mar 2023 15:59:31 GMT',
488 silly get     connection: 'keep-alive',
488 silly get     'cf-ray': '7a129b8fe8101d3d-BLR',
488 silly get     age: '40',
488 silly get     'cache-control': 'public, max-age=300',
488 silly get     etag: '"2bc916364a1e96cd6163fa8f191fc1ca"',
488 silly get     'last-modified': 'Tue, 28 Feb 2023 20:03:15 GMT',
488 silly get     vary: 'Accept-Encoding',
488 silly get     'cf-cache-status': 'HIT',
488 silly get     'x-amz-replication-status': 'COMPLETED',
488 silly get     'x-amz-server-side-encryption': 'AES256',
488 silly get     server: 'cloudflare' } ]
489 verbose etag https://registry.npmjs.org/croner from cache
490 verbose get saving croner to /home/akash/.npm/registry.npmjs.org/croner/.cache.json
491 http 304 https://registry.npmjs.org/@pm2%2fjs-api
492 verbose headers { date: 'Wed, 01 Mar 2023 15:59:31 GMT',
492 verbose headers   connection: 'keep-alive',
492 verbose headers   'cf-ray': '7a129b8ff8211d18-BLR',
492 verbose headers   age: '41',
492 verbose headers   'cache-control': 'public, max-age=300',
492 verbose headers   etag: '"a09c5124977bcd6205774df1a308be98"',
492 verbose headers   'last-modified': 'Sun, 12 Jun 2022 22:42:11 GMT',
492 verbose headers   vary: 'Accept-Encoding',
492 verbose headers   'cf-cache-status': 'HIT',
492 verbose headers   'x-amz-replication-status': 'COMPLETED',
492 verbose headers   server: 'cloudflare' }
493 silly get cb [ 304,
493 silly get   { date: 'Wed, 01 Mar 2023 15:59:31 GMT',
493 silly get     connection: 'keep-alive',
493 silly get     'cf-ray': '7a129b8ff8211d18-BLR',
493 silly get     age: '41',
493 silly get     'cache-control': 'public, max-age=300',
493 silly get     etag: '"a09c5124977bcd6205774df1a308be98"',
493 silly get     'last-modified': 'Sun, 12 Jun 2022 22:42:11 GMT',
493 silly get     vary: 'Accept-Encoding',
493 silly get     'cf-cache-status': 'HIT',
493 silly get     'x-amz-replication-status': 'COMPLETED',
493 silly get     server: 'cloudflare' } ]
494 verbose etag https://registry.npmjs.org/@pm2%2fjs-api from cache
495 verbose get saving @pm2/js-api to /home/akash/.npm/registry.npmjs.org/_40pm2_252fjs-api/.cache.json
496 http 304 https://registry.npmjs.org/@pm2%2fagent
497 verbose headers { date: 'Wed, 01 Mar 2023 15:59:31 GMT',
497 verbose headers   connection: 'keep-alive',
497 verbose headers   'cf-ray': '7a129b8fface1d29-BLR',
497 verbose headers   age: '39',
497 verbose headers   'cache-control': 'public, max-age=300',
497 verbose headers   etag: '"8876dbb5716170e760d1d43d841710d8"',
497 verbose headers   'last-modified': 'Sun, 12 Jun 2022 22:42:10 GMT',
497 verbose headers   vary: 'Accept-Encoding',
497 verbose headers   'cf-cache-status': 'HIT',
497 verbose headers   'x-amz-replication-status': 'COMPLETED',
497 verbose headers   server: 'cloudflare' }
498 silly get cb [ 304,
498 silly get   { date: 'Wed, 01 Mar 2023 15:59:31 GMT',
498 silly get     connection: 'keep-alive',
498 silly get     'cf-ray': '7a129b8fface1d29-BLR',
498 silly get     age: '39',
498 silly get     'cache-control': 'public, max-age=300',
498 silly get     etag: '"8876dbb5716170e760d1d43d841710d8"',
498 silly get     'last-modified': 'Sun, 12 Jun 2022 22:42:10 GMT',
498 silly get     vary: 'Accept-Encoding',
498 silly get     'cf-cache-status': 'HIT',
498 silly get     'x-amz-replication-status': 'COMPLETED',
498 silly get     server: 'cloudflare' } ]
499 verbose etag https://registry.npmjs.org/@pm2%2fagent from cache
500 verbose get saving @pm2/agent to /home/akash/.npm/registry.npmjs.org/_40pm2_252fagent/.cache.json
501 http 304 https://registry.npmjs.org/mkdirp
502 verbose headers { date: 'Wed, 01 Mar 2023 15:59:31 GMT',
502 verbose headers   connection: 'keep-alive',
502 verbose headers   'cf-ray': '7a129b8ffa991d39-BLR',
502 verbose headers   'cache-control': 'public, max-age=300',
502 verbose headers   etag: '"ba6cc2c2397160bb56e6829fff7bf889"',
502 verbose headers   'last-modified': 'Tue, 17 Jan 2023 22:18:32 GMT',
502 verbose headers   vary: 'Accept-Encoding',
502 verbose headers   'cf-cache-status': 'HIT',
502 verbose headers   'x-amz-replication-status': 'COMPLETED',
502 verbose headers   server: 'cloudflare' }
503 silly get cb [ 304,
503 silly get   { date: 'Wed, 01 Mar 2023 15:59:31 GMT',
503 silly get     connection: 'keep-alive',
503 silly get     'cf-ray': '7a129b8ffa991d39-BLR',
503 silly get     'cache-control': 'public, max-age=300',
503 silly get     etag: '"ba6cc2c2397160bb56e6829fff7bf889"',
503 silly get     'last-modified': 'Tue, 17 Jan 2023 22:18:32 GMT',
503 silly get     vary: 'Accept-Encoding',
503 silly get     'cf-cache-status': 'HIT',
503 silly get     'x-amz-replication-status': 'COMPLETED',
503 silly get     server: 'cloudflare' } ]
504 verbose etag https://registry.npmjs.org/mkdirp from cache
505 verbose get saving mkdirp to /home/akash/.npm/registry.npmjs.org/mkdirp/.cache.json
506 silly resolveWithNewModule debug@4.3.4 checking installable status
507 silly cache add args [ 'debug@^4.3.1', null ]
508 verbose cache add spec debug@^4.3.1
509 silly cache add parsed spec Result {
509 silly cache add   raw: 'debug@^4.3.1',
509 silly cache add   scope: null,
509 silly cache add   name: 'debug',
509 silly cache add   rawSpec: '^4.3.1',
509 silly cache add   spec: '>=4.3.1 <5.0.0',
509 silly cache add   type: 'range' }
510 silly addNamed debug@>=4.3.1 <5.0.0
511 verbose addNamed ">=4.3.1 <5.0.0" is a valid semver range for debug
512 silly addNameRange { name: 'debug', range: '>=4.3.1 <5.0.0', hasData: false }
513 silly mapToRegistry name debug
514 silly mapToRegistry using default registry
515 silly mapToRegistry registry https://registry.npmjs.org/
516 silly mapToRegistry uri https://registry.npmjs.org/debug
517 verbose addNameRange registry:https://registry.npmjs.org/debug not in flight; fetching
518 silly resolveWithNewModule sprintf-js@1.1.2 checking installable status
519 silly cache add args [ 'sprintf-js@1.1.2', null ]
520 verbose cache add spec sprintf-js@1.1.2
521 silly cache add parsed spec Result {
521 silly cache add   raw: 'sprintf-js@1.1.2',
521 silly cache add   scope: null,
521 silly cache add   name: 'sprintf-js',
521 silly cache add   rawSpec: '1.1.2',
521 silly cache add   spec: '1.1.2',
521 silly cache add   type: 'version' }
522 silly addNamed sprintf-js@1.1.2
523 verbose addNamed "1.1.2" is a plain semver version for sprintf-js
524 silly mapToRegistry name sprintf-js
525 silly mapToRegistry using default registry
526 silly mapToRegistry registry https://registry.npmjs.org/
527 silly mapToRegistry uri https://registry.npmjs.org/sprintf-js
528 verbose addNameVersion registry:https://registry.npmjs.org/sprintf-js not in flight; fetching
529 silly resolveWithNewModule semver@7.3.8 checking installable status
530 silly cache add args [ 'semver@^7.2', null ]
531 verbose cache add spec semver@^7.2
532 silly cache add parsed spec Result {
532 silly cache add   raw: 'semver@^7.2',
532 silly cache add   scope: null,
532 silly cache add   name: 'semver',
532 silly cache add   rawSpec: '^7.2',
532 silly cache add   spec: '>=7.2.0 <8.0.0',
532 silly cache add   type: 'range' }
533 silly addNamed semver@>=7.2.0 <8.0.0
534 verbose addNamed ">=7.2.0 <8.0.0" is a valid semver range for semver
535 silly addNameRange { name: 'semver', range: '>=7.2.0 <8.0.0', hasData: false }
536 silly mapToRegistry name semver
537 silly mapToRegistry using default registry
538 silly mapToRegistry registry https://registry.npmjs.org/
539 silly mapToRegistry uri https://registry.npmjs.org/semver
540 verbose addNameRange registry:https://registry.npmjs.org/semver not in flight; fetching
541 silly resolveWithNewModule eventemitter2@5.0.1 checking installable status
542 silly cache add args [ 'eventemitter2@5.0.1', null ]
543 verbose cache add spec eventemitter2@5.0.1
544 silly cache add parsed spec Result {
544 silly cache add   raw: 'eventemitter2@5.0.1',
544 silly cache add   scope: null,
544 silly cache add   name: 'eventemitter2',
544 silly cache add   rawSpec: '5.0.1',
544 silly cache add   spec: '5.0.1',
544 silly cache add   type: 'version' }
545 silly addNamed eventemitter2@5.0.1
546 verbose addNamed "5.0.1" is a plain semver version for eventemitter2
547 silly mapToRegistry name eventemitter2
548 silly mapToRegistry using default registry
549 silly mapToRegistry registry https://registry.npmjs.org/
550 silly mapToRegistry uri https://registry.npmjs.org/eventemitter2
551 verbose addNameVersion registry:https://registry.npmjs.org/eventemitter2 not in flight; fetching
552 silly resolveWithNewModule enquirer@2.3.6 checking installable status
553 silly cache add args [ 'enquirer@2.3.6', null ]
554 verbose cache add spec enquirer@2.3.6
555 silly cache add parsed spec Result {
555 silly cache add   raw: 'enquirer@2.3.6',
555 silly cache add   scope: null,
555 silly cache add   name: 'enquirer',
555 silly cache add   rawSpec: '2.3.6',
555 silly cache add   spec: '2.3.6',
555 silly cache add   type: 'version' }
556 silly addNamed enquirer@2.3.6
557 verbose addNamed "2.3.6" is a plain semver version for enquirer
558 silly mapToRegistry name enquirer
559 silly mapToRegistry using default registry
560 silly mapToRegistry registry https://registry.npmjs.org/
561 silly mapToRegistry uri https://registry.npmjs.org/enquirer
562 verbose addNameVersion registry:https://registry.npmjs.org/enquirer not in flight; fetching
563 verbose get https://registry.npmjs.org/async not expired, no request
564 silly addNameRange number 2 { name: 'async', range: '>=3.2.0 <3.3.0', hasData: true }
565 silly addNameRange versions [ 'async',
565 silly addNameRange   [ '0.1.0',
565 silly addNameRange     '0.1.1',
565 silly addNameRange     '0.1.2',
565 silly addNameRange     '0.1.3',
565 silly addNameRange     '0.1.4',
565 silly addNameRange     '0.1.5',
565 silly addNameRange     '0.1.6',
565 silly addNameRange     '0.1.7',
565 silly addNameRange     '0.1.8',
565 silly addNameRange     '0.1.9',
565 silly addNameRange     '0.1.10',
565 silly addNameRange     '0.1.11',
565 silly addNameRange     '0.1.12',
565 silly addNameRange     '0.1.13',
565 silly addNameRange     '0.1.14',
565 silly addNameRange     '0.1.15',
565 silly addNameRange     '0.1.16',
565 silly addNameRange     '0.1.17',
565 silly addNameRange     '0.1.18',
565 silly addNameRange     '0.1.19',
565 silly addNameRange     '0.1.20',
565 silly addNameRange     '0.1.21',
565 silly addNameRange     '0.1.22',
565 silly addNameRange     '0.2.0',
565 silly addNameRange     '0.2.1',
565 silly addNameRange     '0.2.2',
565 silly addNameRange     '0.2.3',
565 silly addNameRange     '0.2.4',
565 silly addNameRange     '0.2.5',
565 silly addNameRange     '0.2.6',
565 silly addNameRange     '0.2.7',
565 silly addNameRange     '0.2.8',
565 silly addNameRange     '0.2.9',
565 silly addNameRange     '0.2.10',
565 silly addNameRange     '0.3.0',
565 silly addNameRange     '0.4.0',
565 silly addNameRange     '0.4.1',
565 silly addNameRange     '0.5.0',
565 silly addNameRange     '0.6.0',
565 silly addNameRange     '0.6.1',
565 silly addNameRange     '0.6.2',
565 silly addNameRange     '0.7.0',
565 silly addNameRange     '0.8.0',
565 silly addNameRange     '0.9.0',
565 silly addNameRange     '0.9.2',
565 silly addNameRange     '1.0.0',
565 silly addNameRange     '1.1.0',
565 silly addNameRange     '1.2.0',
565 silly addNameRange     '1.1.1',
565 silly addNameRange     '1.2.1',
565 silly addNameRange     '1.3.0',
565 silly addNameRange     '1.4.0',
565 silly addNameRange     '1.4.1',
565 silly addNameRange     '1.4.2',
565 silly addNameRange     '1.5.0',
565 silly addNameRange     '1.5.1',
565 silly addNameRange     '1.5.2',
565 silly addNameRange     '2.0.0-alpha.0',
565 silly addNameRange     '2.0.0-rc.1',
565 silly addNameRange     '2.0.0-rc.2',
565 silly addNameRange     '2.0.0-rc.3',
565 silly addNameRange     '2.0.0-rc.4',
565 silly addNameRange     '2.0.0-rc.5',
565 silly addNameRange     '2.0.0-rc.6',
565 silly addNameRange     '2.0.0',
565 silly addNameRange     '2.0.1',
565 silly addNameRange     '2.1.0',
565 silly addNameRange     '2.1.1',
565 silly addNameRange     '2.1.2',
565 silly addNameRange     '2.1.4',
565 silly addNameRange     '2.1.5',
565 silly addNameRange     '2.2.0',
565 silly addNameRange     '2.3.0',
565 silly addNameRange     '2.4.0',
565 silly addNameRange     '2.4.1',
565 silly addNameRange     '2.5.0',
565 silly addNameRange     '2.6.0',
565 silly addNameRange     '2.6.1',
565 silly addNameRange     '3.0.1-0',
565 silly addNameRange     '2.6.2',
565 silly addNameRange     '3.0.0',
565 silly addNameRange     '3.0.1',
565 silly addNameRange     '3.1.0',
565 silly addNameRange     '2.6.3',
565 silly addNameRange     '3.1.1',
565 silly addNameRange     '3.2.0',
565 silly addNameRange     '3.2.1',
565 silly addNameRange     '3.2.2',
565 silly addNameRange     '3.2.3',
565 silly addNameRange     '2.6.4',
565 silly addNameRange     '3.2.4' ] ]
566 silly addNamed async@3.2.4
567 verbose addNamed "3.2.4" is a plain semver version for async
568 silly resolveWithNewModule needle@2.4.0 checking installable status
569 silly cache add args [ 'needle@2.4.0', null ]
570 verbose cache add spec needle@2.4.0
571 silly cache add parsed spec Result {
571 silly cache add   raw: 'needle@2.4.0',
571 silly cache add   scope: null,
571 silly cache add   name: 'needle',
571 silly cache add   rawSpec: '2.4.0',
571 silly cache add   spec: '2.4.0',
571 silly cache add   type: 'version' }
572 silly addNamed needle@2.4.0
573 verbose addNamed "2.4.0" is a plain semver version for needle
574 silly mapToRegistry name needle
575 silly mapToRegistry using default registry
576 silly mapToRegistry registry https://registry.npmjs.org/
577 silly mapToRegistry uri https://registry.npmjs.org/needle
578 verbose addNameVersion registry:https://registry.npmjs.org/needle not in flight; fetching
579 verbose get https://registry.npmjs.org/debug not expired, no request
580 silly addNameRange number 2 { name: 'debug', range: '>=4.3.1 <5.0.0', hasData: true }
581 silly addNameRange versions [ 'debug',
581 silly addNameRange   [ '0.0.1',
581 silly addNameRange     '0.1.0',
581 silly addNameRange     '0.2.0',
581 silly addNameRange     '0.3.0',
581 silly addNameRange     '0.4.0',
581 silly addNameRange     '0.4.1',
581 silly addNameRange     '0.5.0',
581 silly addNameRange     '0.6.0',
581 silly addNameRange     '0.7.0',
581 silly addNameRange     '0.7.1',
581 silly addNameRange     '0.7.2',
581 silly addNameRange     '0.7.3',
581 silly addNameRange     '0.7.4',
581 silly addNameRange     '0.8.0',
581 silly addNameRange     '0.8.1',
581 silly addNameRange     '1.0.0',
581 silly addNameRange     '1.0.1',
581 silly addNameRange     '1.0.2',
581 silly addNameRange     '1.0.3',
581 silly addNameRange     '1.0.4',
581 silly addNameRange     '2.0.0',
581 silly addNameRange     '2.1.0',
581 silly addNameRange     '2.1.1',
581 silly addNameRange     '2.1.2',
581 silly addNameRange     '2.1.3',
581 silly addNameRange     '2.2.0',
581 silly addNameRange     '2.3.0',
581 silly addNameRange     '2.3.1',
581 silly addNameRange     '2.3.2',
581 silly addNameRange     '2.3.3',
581 silly addNameRange     '2.4.0',
581 silly addNameRange     '2.4.1',
581 silly addNameRange     '2.4.2',
581 silly addNameRange     '2.4.3',
581 silly addNameRange     '2.4.4',
581 silly addNameRange     '2.4.5',
581 silly addNameRange     '2.5.0',
581 silly addNameRange     '2.5.1',
581 silly addNameRange     '2.5.2',
581 silly addNameRange     '2.6.0',
581 silly addNameRange     '2.6.1',
581 silly addNameRange     '2.6.2',
581 silly addNameRange     '2.6.3',
581 silly addNameRange     '2.6.4',
581 silly addNameRange     '2.6.5',
581 silly addNameRange     '2.6.6',
581 silly addNameRange     '2.6.7',
581 silly addNameRange     '2.6.8',
581 silly addNameRange     '1.0.5',
581 silly addNameRange     '3.0.0',
581 silly addNameRange     '3.0.1',
581 silly addNameRange     '2.6.9',
581 silly addNameRange     '3.1.0',
581 silly addNameRange     '3.2.0',
581 silly addNameRange     '3.2.1',
581 silly addNameRange     '3.2.2',
581 silly addNameRange     '3.2.3',
581 silly addNameRange     '4.0.0',
581 silly addNameRange     '3.2.4',
581 silly addNameRange     '3.2.5',
581 silly addNameRange     '4.0.1',
581 silly addNameRange     '4.1.0',
581 silly addNameRange     '3.2.6',
581 silly addNameRange     '4.1.1',
581 silly addNameRange     '4.2.0',
581 silly addNameRange     '4.3.0',
581 silly addNameRange     '4.3.1',
581 silly addNameRange     '3.2.7',
581 silly addNameRange     '4.3.2',
581 silly addNameRange     '4.3.3',
581 silly addNameRange     '4.3.4' ] ]
582 silly addNamed debug@4.3.4
583 verbose addNamed "4.3.4" is a plain semver version for debug
584 silly resolveWithNewModule pm2-axon-rpc@0.7.1 checking installable status
585 silly cache add args [ 'pm2-axon-rpc@~0.7.1', null ]
586 verbose cache add spec pm2-axon-rpc@~0.7.1
587 silly cache add parsed spec Result {
587 silly cache add   raw: 'pm2-axon-rpc@~0.7.1',
587 silly cache add   scope: null,
587 silly cache add   name: 'pm2-axon-rpc',
587 silly cache add   rawSpec: '~0.7.1',
587 silly cache add   spec: '>=0.7.1 <0.8.0',
587 silly cache add   type: 'range' }
588 silly addNamed pm2-axon-rpc@>=0.7.1 <0.8.0
589 verbose addNamed ">=0.7.1 <0.8.0" is a valid semver range for pm2-axon-rpc
590 silly addNameRange { name: 'pm2-axon-rpc', range: '>=0.7.1 <0.8.0', hasData: false }
591 silly mapToRegistry name pm2-axon-rpc
592 silly mapToRegistry using default registry
593 silly mapToRegistry registry https://registry.npmjs.org/
594 silly mapToRegistry uri https://registry.npmjs.org/pm2-axon-rpc
595 verbose addNameRange registry:https://registry.npmjs.org/pm2-axon-rpc not in flight; fetching
596 silly resolveWithNewModule vizion@2.2.1 checking installable status
597 silly cache add args [ 'vizion@~2.2.1', null ]
598 verbose cache add spec vizion@~2.2.1
599 silly cache add parsed spec Result {
599 silly cache add   raw: 'vizion@~2.2.1',
599 silly cache add   scope: null,
599 silly cache add   name: 'vizion',
599 silly cache add   rawSpec: '~2.2.1',
599 silly cache add   spec: '>=2.2.1 <2.3.0',
599 silly cache add   type: 'range' }
600 silly addNamed vizion@>=2.2.1 <2.3.0
601 verbose addNamed ">=2.2.1 <2.3.0" is a valid semver range for vizion
602 silly addNameRange { name: 'vizion', range: '>=2.2.1 <2.3.0', hasData: false }
603 silly mapToRegistry name vizion
604 silly mapToRegistry using default registry
605 silly mapToRegistry registry https://registry.npmjs.org/
606 silly mapToRegistry uri https://registry.npmjs.org/vizion
607 verbose addNameRange registry:https://registry.npmjs.org/vizion not in flight; fetching
608 verbose get https://registry.npmjs.org/sprintf-js not expired, no request
609 silly resolveWithNewModule commander@2.15.1 checking installable status
610 silly cache add args [ 'commander@2.15.1', null ]
611 verbose cache add spec commander@2.15.1
612 silly cache add parsed spec Result {
612 silly cache add   raw: 'commander@2.15.1',
612 silly cache add   scope: null,
612 silly cache add   name: 'commander',
612 silly cache add   rawSpec: '2.15.1',
612 silly cache add   spec: '2.15.1',
612 silly cache add   type: 'version' }
613 silly addNamed commander@2.15.1
614 verbose addNamed "2.15.1" is a plain semver version for commander
615 silly mapToRegistry name commander
616 silly mapToRegistry using default registry
617 silly mapToRegistry registry https://registry.npmjs.org/
618 silly mapToRegistry uri https://registry.npmjs.org/commander
619 verbose addNameVersion registry:https://registry.npmjs.org/commander not in flight; fetching
620 silly resolveWithNewModule pm2-deploy@1.0.2 checking installable status
621 silly cache add args [ 'pm2-deploy@~1.0.2', null ]
622 verbose cache add spec pm2-deploy@~1.0.2
623 silly cache add parsed spec Result {
623 silly cache add   raw: 'pm2-deploy@~1.0.2',
623 silly cache add   scope: null,
623 silly cache add   name: 'pm2-deploy',
623 silly cache add   rawSpec: '~1.0.2',
623 silly cache add   spec: '>=1.0.2 <1.1.0',
623 silly cache add   type: 'range' }
624 silly addNamed pm2-deploy@>=1.0.2 <1.1.0
625 verbose addNamed ">=1.0.2 <1.1.0" is a valid semver range for pm2-deploy
626 silly addNameRange { name: 'pm2-deploy', range: '>=1.0.2 <1.1.0', hasData: false }
627 silly mapToRegistry name pm2-deploy
628 silly mapToRegistry using default registry
629 silly mapToRegistry registry https://registry.npmjs.org/
630 silly mapToRegistry uri https://registry.npmjs.org/pm2-deploy
631 verbose addNameRange registry:https://registry.npmjs.org/pm2-deploy not in flight; fetching
632 silly resolveWithNewModule fclone@1.0.11 checking installable status
633 silly cache add args [ 'fclone@1.0.11', null ]
634 verbose cache add spec fclone@1.0.11
635 silly cache add parsed spec Result {
635 silly cache add   raw: 'fclone@1.0.11',
635 silly cache add   scope: null,
635 silly cache add   name: 'fclone',
635 silly cache add   rawSpec: '1.0.11',
635 silly cache add   spec: '1.0.11',
635 silly cache add   type: 'version' }
636 silly addNamed fclone@1.0.11
637 verbose addNamed "1.0.11" is a plain semver version for fclone
638 silly mapToRegistry name fclone
639 silly mapToRegistry using default registry
640 silly mapToRegistry registry https://registry.npmjs.org/
641 silly mapToRegistry uri https://registry.npmjs.org/fclone
642 verbose addNameVersion registry:https://registry.npmjs.org/fclone not in flight; fetching
643 silly resolveWithNewModule @pm2/agent@2.0.1 checking installable status
644 silly cache add args [ '@pm2/agent@~2.0.0', null ]
645 verbose cache add spec @pm2/agent@~2.0.0
646 silly cache add parsed spec Result {
646 silly cache add   raw: '@pm2/agent@~2.0.0',
646 silly cache add   scope: '@pm2',
646 silly cache add   name: '@pm2/agent',
646 silly cache add   rawSpec: '~2.0.0',
646 silly cache add   spec: '>=2.0.0 <2.1.0',
646 silly cache add   type: 'range' }
647 silly addNamed @pm2/agent@>=2.0.0 <2.1.0
648 verbose addNamed ">=2.0.0 <2.1.0" is a valid semver range for @pm2/agent
649 silly addNameRange { name: '@pm2/agent', range: '>=2.0.0 <2.1.0', hasData: false }
650 silly mapToRegistry name @pm2/agent
651 silly mapToRegistry scope (from package name) @pm2
652 verbose mapToRegistry no registry URL found in name for scope @pm2
653 silly mapToRegistry using default registry
654 silly mapToRegistry registry https://registry.npmjs.org/
655 silly mapToRegistry uri https://registry.npmjs.org/@pm2%2fagent
656 verbose addNameRange registry:https://registry.npmjs.org/@pm2%2fagent not in flight; fetching
657 silly resolveWithNewModule @pm2/js-api@0.6.7 checking installable status
658 silly cache add args [ '@pm2/js-api@~0.6.7', null ]
659 verbose cache add spec @pm2/js-api@~0.6.7
660 silly cache add parsed spec Result {
660 silly cache add   raw: '@pm2/js-api@~0.6.7',
660 silly cache add   scope: '@pm2',
660 silly cache add   name: '@pm2/js-api',
660 silly cache add   rawSpec: '~0.6.7',
660 silly cache add   spec: '>=0.6.7 <0.7.0',
660 silly cache add   type: 'range' }
661 silly addNamed @pm2/js-api@>=0.6.7 <0.7.0
662 verbose addNamed ">=0.6.7 <0.7.0" is a valid semver range for @pm2/js-api
663 silly addNameRange { name: '@pm2/js-api', range: '>=0.6.7 <0.7.0', hasData: false }
664 silly mapToRegistry name @pm2/js-api
665 silly mapToRegistry scope (from package name) @pm2
666 verbose mapToRegistry no registry URL found in name for scope @pm2
667 silly mapToRegistry using default registry
668 silly mapToRegistry registry https://registry.npmjs.org/
669 silly mapToRegistry uri https://registry.npmjs.org/@pm2%2fjs-api
670 verbose addNameRange registry:https://registry.npmjs.org/@pm2%2fjs-api not in flight; fetching
671 verbose stack Error: Missing required argument #1
671 verbose stack     at andLogAndFinish (/usr/share/npm/lib/fetch-package-metadata.js:31:3)
671 verbose stack     at fetchPackageMetadata (/usr/share/npm/lib/fetch-package-metadata.js:51:22)
671 verbose stack     at resolveWithNewModule (/usr/share/npm/lib/install/deps.js:456:12)
671 verbose stack     at /usr/share/npm/lib/install/deps.js:457:7
671 verbose stack     at /usr/share/npm/node_modules/iferr/index.js:13:50
671 verbose stack     at /usr/share/npm/lib/fetch-package-metadata.js:37:12
671 verbose stack     at addRequestedAndFinish (/usr/share/npm/lib/fetch-package-metadata.js:82:5)
671 verbose stack     at returnAndAddMetadata (/usr/share/npm/lib/fetch-package-metadata.js:117:7)
671 verbose stack     at pickVersionFromRegistryDocument (/usr/share/npm/lib/fetch-package-metadata.js:134:20)
671 verbose stack     at /usr/share/npm/node_modules/iferr/index.js:13:50
672 verbose cwd /var/www/app
673 error Linux 4.15.0-189-generic
674 error argv "/usr/bin/node" "/usr/bin/npm" "i" "-g" "pm2"
675 error node v8.10.0
676 error npm  v3.5.2
677 error code EMISSINGARG
678 error typeerror Error: Missing required argument #1
678 error typeerror     at andLogAndFinish (/usr/share/npm/lib/fetch-package-metadata.js:31:3)
678 error typeerror     at fetchPackageMetadata (/usr/share/npm/lib/fetch-package-metadata.js:51:22)
678 error typeerror     at resolveWithNewModule (/usr/share/npm/lib/install/deps.js:456:12)
678 error typeerror     at /usr/share/npm/lib/install/deps.js:457:7
678 error typeerror     at /usr/share/npm/node_modules/iferr/index.js:13:50
678 error typeerror     at /usr/share/npm/lib/fetch-package-metadata.js:37:12
678 error typeerror     at addRequestedAndFinish (/usr/share/npm/lib/fetch-package-metadata.js:82:5)
678 error typeerror     at returnAndAddMetadata (/usr/share/npm/lib/fetch-package-metadata.js:117:7)
678 error typeerror     at pickVersionFromRegistryDocument (/usr/share/npm/lib/fetch-package-metadata.js:134:20)
678 error typeerror     at /usr/share/npm/node_modules/iferr/index.js:13:50
679 error typeerror This is an error with npm itself. Please report this error at:
679 error typeerror     <http://github.com/npm/npm/issues>
680 verbose exit [ 1, true ]
